<?xml version="1.0" encoding="UTF-8"?>
<!-- Generated by org.testng.reporters.JUnitReportReporter -->
<testsuite hostname="DESKTOP-QNQ8377" failures="0" tests="5" name="SwagLabs.Test_All_SwagLabs" time="6.046" errors="0" timestamp="2023-01-02T02:19:11 GMT+02:00" skipped="0">
  <testcase classname="SwagLabs.Test_All_SwagLabs" name="Check_Title" time="0.019"/>
  <system-out/>
  <testcase classname="SwagLabs.Test_All_SwagLabs" name="sorting_Low_To_High" time="0.247"/>
  <system-out/>
  <testcase classname="SwagLabs.Test_All_SwagLabs" name="sorting_High_To_Low" time="1.974"/>
  <system-out/>
  <testcase classname="SwagLabs.Test_All_SwagLabs" name="Check_Cart" time="1.054"/>
  <system-out/>
  <testcase classname="SwagLabs.Test_All_SwagLabs" name="Check_Total_Prace_in_The_Cart" time="2.752"/>
  <system-out/>
</testsuite> <!-- SwagLabs.Test_All_SwagLabs -->
