<?xml version="1.0" encoding="UTF-8"?>
<!-- Generated by org.testng.reporters.JUnitReportReporter -->
<testsuite hostname="DESKTOP-QNQ8377" failures="0" tests="5" name="SwagLabs.Test_All_SwagLabs" time="5.397" errors="0" timestamp="2022-12-30T16:14:37 GMT+02:00" skipped="0">
  <testcase classname="SwagLabs.Test_All_SwagLabs" name="Check_Title" time="0.023"/>
  <system-out/>
  <testcase classname="SwagLabs.Test_All_SwagLabs" name="sorting_Low_To_High" time="0.361"/>
  <system-out/>
  <testcase classname="SwagLabs.Test_All_SwagLabs" name="sorting_High_To_Low" time="1.191"/>
  <system-out/>
  <testcase classname="SwagLabs.Test_All_SwagLabs" name="Check_Cart" time="1.043"/>
  <system-out/>
  <testcase classname="SwagLabs.Test_All_SwagLabs" name="Check_Total_Prace_in_The_Cart" time="2.779"/>
  <system-out/>
</testsuite> <!-- SwagLabs.Test_All_SwagLabs -->
